13:15:01,926 INFO  [performance] request home.index 0.3978 0.3200 ANONYMOUS
13:19:12,068 INFO  [performance] request home.index 5.3030 2.3600 ANONYMOUS
13:19:12,453 INFO  [performance] request structure.logo 0.1505 0.0600 ANONYMOUS
13:19:12,471 INFO  [performance] request structure.logo 0.1824 0.0800 ANONYMOUS
13:19:12,502 INFO  [performance] request structure.logo 0.1781 0.1200 ANONYMOUS
13:19:12,536 INFO  [performance] request structure.logo 0.0868 0.0800 ANONYMOUS
13:19:12,565 INFO  [performance] request structure.logo 0.0779 0.0900 ANONYMOUS
13:19:12,583 INFO  [performance] request structure.logo 0.1131 0.1300 ANONYMOUS
13:19:12,632 INFO  [performance] request structure.logo 0.0711 0.1000 ANONYMOUS
13:19:12,632 INFO  [performance] request structure.logo 0.0833 0.1200 ANONYMOUS
13:19:12,654 INFO  [performance] request structure.logo 0.1233 0.1700 ANONYMOUS
13:19:12,662 INFO  [performance] request structure.logo 0.0627 0.0900 ANONYMOUS
13:19:12,878 INFO  [performance] request group.logo 0.2293 0.1500 ANONYMOUS
13:19:12,879 INFO  [performance] request group.logo 0.2548 0.1800 ANONYMOUS
13:19:12,921 INFO  [performance] request group.logo 0.1429 0.1700 ANONYMOUS
13:19:12,935 INFO  [performance] request group.logo 0.1442 0.1700 ANONYMOUS
13:19:12,942 INFO  [performance] request group.logo 0.1298 0.1600 ANONYMOUS
13:19:12,960 INFO  [performance] request group.logo 0.1412 0.1900 ANONYMOUS
13:19:12,981 INFO  [performance] request group.logo 0.0650 0.0900 ANONYMOUS
13:20:13,126 INFO  [performance] request home.login 0.0629 0.0400 ANONYMOUS
13:20:13,501 INFO  [performance] request home.index 0.1317 0.0500 admin@ututi.lt
13:20:15,276 INFO  [performance] request profile.home 1.7185 1.2500 admin@ututi.lt
13:20:15,668 INFO  [performance] request group.logo 0.0510 0.0300 admin@ututi.lt
13:20:15,669 INFO  [performance] request group.logo 0.0614 0.0400 admin@ututi.lt
13:20:15,739 INFO  [performance] request group.logo 0.0685 0.0600 admin@ututi.lt
13:20:15,906 INFO  [performance] request group.logo 0.1075 0.0900 admin@ututi.lt
13:20:15,974 INFO  [performance] request group.logo 0.1055 0.1100 admin@ututi.lt
13:20:16,051 INFO  [performance] request group.logo 0.0926 0.1200 admin@ututi.lt
13:20:16,124 INFO  [performance] request group.logo 0.1207 0.1300 admin@ututi.lt
13:20:16,124 INFO  [performance] request group.logo 0.0776 0.0800 admin@ututi.lt
13:20:16,190 INFO  [performance] request group.logo 0.1931 0.1800 admin@ututi.lt
13:20:16,294 INFO  [performance] request group.logo 0.0910 0.0800 admin@ututi.lt
13:20:16,446 INFO  [performance] request group.logo 0.1032 0.0700 admin@ututi.lt
13:20:16,499 INFO  [performance] request group.logo 0.1013 0.1300 admin@ututi.lt
13:20:16,632 INFO  [performance] request group.logo 0.1624 0.1400 admin@ututi.lt
13:20:16,665 INFO  [performance] request group.logo 0.0635 0.0400 admin@ututi.lt
13:20:16,713 INFO  [performance] request group.logo 0.0536 0.0300 admin@ututi.lt
13:20:16,743 INFO  [performance] request user.logo 0.0758 0.0500 admin@ututi.lt
15:50:49,683 INFO  [performance] request profile.feed 1.0080 0.7400 admin@ututi.lt
15:50:50,140 INFO  [performance] request user.logo 0.1731 0.0700 admin@ututi.lt
15:50:57,192 INFO  [performance] request profile.home 0.9762 0.7500 admin@ututi.lt
15:50:57,702 INFO  [performance] request group.logo 0.0651 0.0400 admin@ututi.lt
15:50:57,717 INFO  [performance] request group.logo 0.0429 0.0300 admin@ututi.lt
15:50:57,822 INFO  [performance] request group.logo 0.0724 0.0900 admin@ututi.lt
15:50:57,947 INFO  [performance] request group.logo 0.1064 0.1000 admin@ututi.lt
15:50:57,986 INFO  [performance] request group.logo 0.0767 0.0700 admin@ututi.lt
15:50:58,023 INFO  [performance] request group.logo 0.1163 0.1300 admin@ututi.lt
15:50:58,080 INFO  [performance] request group.logo 0.0801 0.0900 admin@ututi.lt
15:50:58,136 INFO  [performance] request group.logo 0.0859 0.0700 admin@ututi.lt
15:50:58,315 INFO  [performance] request group.logo 0.0728 0.0700 admin@ututi.lt
15:50:58,411 INFO  [performance] request group.logo 0.1251 0.1000 admin@ututi.lt
15:50:58,615 INFO  [performance] request group.logo 0.2082 0.0900 admin@ututi.lt
15:50:58,711 INFO  [performance] request group.logo 0.1032 0.0700 admin@ututi.lt
15:50:58,729 INFO  [performance] request group.logo 0.1016 0.0700 admin@ututi.lt
15:50:58,743 INFO  [performance] request group.logo 0.0850 0.0600 admin@ututi.lt
15:50:58,794 INFO  [performance] request group.logo 0.0354 0.0200 admin@ututi.lt
15:50:58,840 INFO  [performance] request user.logo 0.0574 0.0500 admin@ututi.lt
15:51:03,961 INFO  [performance] request profile.home 0.7427 0.5800 admin@ututi.lt
15:51:04,338 INFO  [performance] request user.logo 0.0734 0.0400 admin@ututi.lt
12:38:54,112 INFO  [performance] request profile.home 1.5991 0.8100 admin@ututi.lt
12:38:55,145 INFO  [performance] request group.logo 0.3331 0.1900 admin@ututi.lt
12:38:55,256 INFO  [performance] request group.logo 0.1033 0.1000 admin@ututi.lt
12:38:55,261 INFO  [performance] request group.logo 0.0833 0.0700 admin@ututi.lt
12:38:55,303 INFO  [performance] request group.logo 0.1116 0.1200 admin@ututi.lt
12:38:55,414 INFO  [performance] request group.logo 0.1161 0.1200 admin@ututi.lt
12:38:55,456 INFO  [performance] request group.logo 0.1066 0.0800 admin@ututi.lt
12:38:55,502 INFO  [performance] request group.logo 0.0761 0.0700 admin@ututi.lt
12:38:55,610 INFO  [performance] request group.logo 0.0865 0.0800 admin@ututi.lt
12:38:55,822 INFO  [performance] request group.logo 0.2083 0.2000 admin@ututi.lt
12:38:55,885 INFO  [performance] request group.logo 0.0878 0.0900 admin@ututi.lt
12:38:55,956 INFO  [performance] request group.logo 0.0781 0.0800 admin@ututi.lt
12:38:55,991 INFO  [performance] request group.logo 0.1013 0.1200 admin@ututi.lt
12:38:56,003 INFO  [performance] request group.logo 0.0895 0.1100 admin@ututi.lt
12:38:56,048 INFO  [performance] request group.logo 0.0769 0.0900 admin@ututi.lt
12:38:56,123 INFO  [performance] request group.logo 0.0321 0.0400 admin@ututi.lt
12:38:56,168 INFO  [performance] request user.logo 0.0558 0.0400 admin@ututi.lt
12:39:04,054 INFO  [performance] request admin.notifications 0.1352 0.0800 admin@ututi.lt
12:48:44,438 INFO  [performance] request admin.notifications 0.0558 0.0400 admin@ututi.lt
12:48:59,707 INFO  [performance] request admin.group_coupons 0.3909 0.2700 admin@ututi.lt
12:54:49,786 INFO  [performance] request admin.notifications 0.0559 0.0500 admin@ututi.lt
12:54:59,402 INFO  [performance] request admin.add_notification 0.0462 0.0100 admin@ututi.lt
12:54:59,510 INFO  [performance] request admin.notifications 0.0361 0.0300 admin@ututi.lt
12:57:28,566 INFO  [performance] request admin.notifications 0.0403 0.0400 admin@ututi.lt
13:02:11,347 INFO  [performance] request admin.group_coupons 0.1570 0.1200 admin@ututi.lt
13:22:14,503 INFO  [performance] request admin.notifications 0.0015 0.0000 admin@ututi.lt
13:23:24,461 INFO  [performance] request admin.notifications 0.0014 0.0000 admin@ututi.lt
13:23:31,209 INFO  [performance] request admin.notifications 0.0017 0.0000 admin@ututi.lt
13:23:32,584 INFO  [performance] request admin.notifications 0.0014 0.0000 admin@ututi.lt
13:23:33,504 INFO  [performance] request admin.notifications 0.0015 0.0000 admin@ututi.lt
13:23:34,335 INFO  [performance] request admin.notifications 0.0014 0.0000 admin@ututi.lt
13:23:38,406 INFO  [performance] request admin.notifications 0.0014 0.0000 admin@ututi.lt
13:24:10,743 INFO  [performance] request admin.notifications 0.0015 0.0000 admin@ututi.lt
13:24:12,972 INFO  [performance] request admin.notifications 0.0015 0.0000 admin@ututi.lt
13:24:26,355 INFO  [performance] request admin.notifications 0.0015 0.0100 admin@ututi.lt
13:44:28,115 INFO  [performance] request admin.notifications 0.1334 0.0600 admin@ututi.lt
13:51:00,037 INFO  [performance] request admin.notifications 0.0379 0.0300 admin@ututi.lt
13:52:01,962 INFO  [performance] request admin.notifications 0.0654 0.0500 admin@ututi.lt
13:53:15,016 INFO  [performance] request admin.notifications 0.0355 0.0300 admin@ututi.lt
13:56:45,720 INFO  [performance] request admin.notifications 0.0596 0.0600 admin@ututi.lt
13:57:21,618 INFO  [performance] request admin.notifications 0.0409 0.0600 admin@ututi.lt
13:57:25,670 INFO  [performance] request admin.notifications 0.0410 0.0400 admin@ututi.lt
13:57:27,537 INFO  [performance] request admin.notifications 0.0371 0.0300 admin@ututi.lt
13:57:30,088 INFO  [performance] request admin.notifications 0.0408 0.0400 admin@ututi.lt
13:57:34,448 INFO  [performance] request admin.notifications 0.0525 0.0400 admin@ututi.lt
13:58:24,494 INFO  [performance] request admin.notifications 0.0353 0.0300 admin@ututi.lt
13:58:31,156 INFO  [performance] request admin.notifications 0.0499 0.0400 admin@ututi.lt
14:00:15,106 INFO  [performance] request admin.notifications 0.0489 0.0400 admin@ututi.lt
14:00:33,724 INFO  [performance] request admin.notifications 0.0557 0.0500 admin@ututi.lt
14:02:27,881 INFO  [performance] request admin.notifications 0.0504 0.0400 admin@ututi.lt
14:02:30,759 INFO  [performance] request admin.notifications 0.0499 0.0600 admin@ututi.lt
14:02:33,129 INFO  [performance] request admin.notifications 0.0480 0.0400 admin@ututi.lt
14:02:57,112 INFO  [performance] request admin.notifications 0.0528 0.0600 admin@ututi.lt
14:05:59,124 INFO  [performance] request admin.notifications 0.0371 0.0300 admin@ututi.lt
14:06:08,599 INFO  [performance] request admin.notifications 0.0496 0.0400 admin@ututi.lt
14:06:28,299 INFO  [performance] request admin.notifications 0.0519 0.0500 admin@ututi.lt
14:08:27,713 INFO  [performance] request admin.notifications 0.0519 0.0500 admin@ututi.lt
14:13:51,739 INFO  [performance] request admin.notifications 0.0509 0.0400 admin@ututi.lt
14:14:26,178 INFO  [performance] request admin.notifications 0.0549 0.0300 admin@ututi.lt
14:14:46,954 INFO  [performance] request admin.add_notification 0.0144 0.0100 admin@ututi.lt
14:14:47,044 INFO  [performance] request admin.notifications 0.0432 0.0400 admin@ututi.lt
14:16:34,801 INFO  [performance] request admin.notifications 0.0393 0.0400 admin@ututi.lt
14:16:46,523 INFO  [performance] request admin.notifications 0.0093 0.0100 admin@ututi.lt
14:17:05,532 INFO  [performance] request admin.notifications 0.0107 0.0100 admin@ututi.lt
14:17:09,530 INFO  [performance] request admin.notifications 0.0108 0.0100 admin@ututi.lt
14:17:41,033 INFO  [performance] request admin.notifications 0.0103 0.0100 admin@ututi.lt
14:18:31,022 INFO  [performance] request admin.notifications 0.0688 0.1000 admin@ututi.lt
14:23:40,373 INFO  [performance] request admin.notifications 0.0545 0.0500 admin@ututi.lt
14:23:43,964 INFO  [performance] request admin.notifications 0.0529 0.0400 admin@ututi.lt
15:19:14,979 INFO  [performance] request admin.edit_notification 0.0080 0.0100 admin@ututi.lt
15:23:13,423 INFO  [performance] request admin.edit_notification 0.0037 0.0000 admin@ututi.lt
15:23:48,403 INFO  [performance] request admin.edit_notification 0.0046 0.0100 admin@ututi.lt
15:24:14,132 INFO  [performance] request admin.edit_notification 0.1232 0.1100 admin@ututi.lt
15:24:29,359 INFO  [performance] request admin.notifications 0.0896 0.0900 admin@ututi.lt
15:25:58,187 INFO  [performance] request admin.index 0.0590 0.0600 admin@ututi.lt
15:26:01,943 INFO  [performance] request admin.group_coupons 0.1634 0.1600 admin@ututi.lt
15:26:29,445 INFO  [performance] request admin.add_coupon 0.1038 0.0500 admin@ututi.lt
15:26:29,642 INFO  [performance] request admin.group_coupons 0.1477 0.1100 admin@ututi.lt
15:26:43,775 INFO  [performance] request admin.notifications 0.0397 0.0400 admin@ututi.lt
15:26:47,243 INFO  [performance] request admin.edit_notification 0.0816 0.0800 admin@ututi.lt
15:27:26,454 INFO  [performance] request admin.edit_notification 0.0045 0.0100 admin@ututi.lt
15:28:08,986 INFO  [performance] request admin.edit_notification 0.0041 0.0100 admin@ututi.lt
15:29:20,091 INFO  [performance] request admin.edit_notification 0.0031 0.0000 admin@ututi.lt
15:29:27,110 INFO  [performance] request admin.edit_notification 0.0032 0.0000 admin@ututi.lt
15:29:36,202 INFO  [performance] request admin.edit_notification 0.1043 0.0800 admin@ututi.lt
15:29:53,828 INFO  [performance] request admin.add_notification 0.0153 0.0000 admin@ututi.lt
15:29:53,919 INFO  [performance] request admin.notifications 0.0409 0.0300 admin@ututi.lt
15:31:49,175 INFO  [performance] request admin.edit_notification 0.0811 0.0800 admin@ututi.lt
15:32:00,551 INFO  [performance] request admin.add_notification 0.0144 0.0100 admin@ututi.lt
15:32:00,641 INFO  [performance] request admin.notifications 0.0406 0.0300 admin@ututi.lt
15:33:14,499 INFO  [performance] request admin.notifications 0.0401 0.0300 admin@ututi.lt
15:33:19,171 INFO  [performance] request admin.edit_notification 0.1051 0.1000 admin@ututi.lt
15:33:45,380 INFO  [performance] request admin.edit_notification 0.0009 0.0000 admin@ututi.lt
15:34:37,119 INFO  [performance] request admin.edit_notification 0.0010 0.0000 admin@ututi.lt
15:34:45,911 INFO  [performance] request admin.notifications 0.0422 0.0400 admin@ututi.lt
15:34:49,887 INFO  [performance] request admin.edit_notification 0.1097 0.1000 admin@ututi.lt
15:34:56,482 INFO  [performance] request admin.notifications 0.1613 0.1600 admin@ututi.lt
15:37:53,273 INFO  [performance] request admin.edit_notification 0.1041 0.1000 admin@ututi.lt
15:37:59,567 INFO  [performance] request admin.update_notification 0.0031 0.0000 admin@ututi.lt
15:39:36,870 INFO  [performance] request admin.edit_notification 0.0848 0.1000 admin@ututi.lt
15:40:13,619 INFO  [performance] request admin.edit_notification 0.0889 0.0900 admin@ututi.lt
15:40:19,860 INFO  [performance] request admin.notifications 0.0919 0.0800 admin@ututi.lt
15:42:02,465 INFO  [performance] request admin.edit_notification 0.1032 0.1000 admin@ututi.lt
15:42:09,595 INFO  [performance] request admin.update_notification 0.0038 0.0100 admin@ututi.lt
15:42:38,324 INFO  [performance] request admin.edit_notification 0.1056 0.1000 admin@ututi.lt
15:42:40,484 INFO  [performance] request admin.update_notification 0.0178 0.0200 admin@ututi.lt
15:42:40,575 INFO  [performance] request admin.notifications 0.0442 0.0400 admin@ututi.lt
15:51:01,007 INFO  [performance] request admin.index 0.0386 0.0400 admin@ututi.lt
15:51:47,147 INFO  [performance] request admin.notifications 0.0410 0.0300 admin@ututi.lt
15:55:23,622 INFO  [performance] request home.index 0.0442 0.0300 admin@ututi.lt
15:55:24,626 INFO  [performance] request profile.home 0.9576 0.6700 admin@ututi.lt
15:55:25,155 INFO  [performance] request group.logo 0.1472 0.1200 admin@ututi.lt
15:55:25,190 INFO  [performance] request group.logo 0.1197 0.1200 admin@ututi.lt
15:55:25,220 INFO  [performance] request group.logo 0.0570 0.0500 admin@ututi.lt
15:55:25,323 INFO  [performance] request group.logo 0.0961 0.1200 admin@ututi.lt
15:55:25,361 INFO  [performance] request group.logo 0.1573 0.1700 admin@ututi.lt
15:55:25,456 INFO  [performance] request group.logo 0.1265 0.1300 admin@ututi.lt
15:55:25,512 INFO  [performance] request group.logo 0.0767 0.0700 admin@ututi.lt
15:55:25,532 INFO  [performance] request group.logo 0.0632 0.0700 admin@ututi.lt
15:55:25,564 INFO  [performance] request group.logo 0.0557 0.0600 admin@ututi.lt
15:55:25,775 INFO  [performance] request group.logo 0.0650 0.0800 admin@ututi.lt
15:55:25,784 INFO  [performance] request group.logo 0.0704 0.0800 admin@ututi.lt
15:55:25,796 INFO  [performance] request group.logo 0.0638 0.0700 admin@ututi.lt
15:55:25,815 INFO  [performance] request group.logo 0.0440 0.0300 admin@ututi.lt
15:55:25,939 INFO  [performance] request group.logo 0.0665 0.0500 admin@ututi.lt
15:55:25,962 INFO  [performance] request group.logo 0.0276 0.0300 admin@ututi.lt
15:55:26,048 INFO  [performance] request user.logo 0.0696 0.0700 admin@ututi.lt
15:55:52,309 INFO  [performance] request admin.notifications 0.0472 0.0300 admin@ututi.lt
16:08:47,825 INFO  [performance] request admin.notifications 0.0447 0.0400 admin@ututi.lt
16:09:13,527 INFO  [performance] request admin.add_notification 0.0084 0.0100 admin@ututi.lt
16:11:23,961 INFO  [performance] request admin.notifications 0.1330 0.1200 admin@ututi.lt
16:11:33,055 INFO  [performance] request admin.add_notification 0.0146 0.0200 admin@ututi.lt
16:11:33,145 INFO  [performance] request admin.notifications 0.0393 0.0400 admin@ututi.lt
16:12:19,263 INFO  [performance] request admin.notifications 0.0558 0.0500 admin@ututi.lt
16:15:32,669 INFO  [performance] request admin.index 0.0364 0.0300 admin@ututi.lt
17:13:24,556 INFO  [performance] request admin.index 29.7814 0.0600 admin@ututi.lt
17:18:52,225 INFO  [performance] request admin.index 0.1887 0.1300 admin@ututi.lt
17:22:53,704 INFO  [performance] request admin.index 0.0757 0.0800 admin@ututi.lt
17:22:58,053 INFO  [performance] request profile.home 1.2962 0.6700 admin@ututi.lt
17:22:58,419 INFO  [performance] request group.logo 0.0661 0.0700 admin@ututi.lt
17:22:58,447 INFO  [performance] request group.logo 0.0515 0.0700 admin@ututi.lt
17:22:58,552 INFO  [performance] request group.logo 0.0784 0.0900 admin@ututi.lt
17:22:58,640 INFO  [performance] request group.logo 0.1045 0.1300 admin@ututi.lt
17:22:58,845 INFO  [performance] request group.logo 0.2015 0.1800 admin@ututi.lt
17:22:58,948 INFO  [performance] request group.logo 0.0665 0.0700 admin@ututi.lt
17:22:59,011 INFO  [performance] request group.logo 0.1392 0.1500 admin@ututi.lt
17:22:59,031 INFO  [performance] request group.logo 0.0858 0.0800 admin@ututi.lt
17:22:59,076 INFO  [performance] request group.logo 0.0888 0.0600 admin@ututi.lt
17:22:59,423 INFO  [performance] request group.logo 0.1336 0.1000 admin@ututi.lt
17:22:59,464 INFO  [performance] request group.logo 0.0752 0.0700 admin@ututi.lt
17:22:59,502 INFO  [performance] request group.logo 0.0920 0.0900 admin@ututi.lt
17:22:59,598 INFO  [performance] request group.logo 0.1019 0.0700 admin@ututi.lt
17:22:59,627 INFO  [performance] request group.logo 0.0506 0.0500 admin@ututi.lt
17:22:59,722 INFO  [performance] request group.logo 0.1007 0.0300 admin@ututi.lt
17:22:59,784 INFO  [performance] request user.logo 0.0517 0.0400 admin@ututi.lt
17:23:05,851 INFO  [performance] request group.index 0.0370 0.0000 admin@ututi.lt
17:23:06,666 INFO  [performance] request group.home 0.7527 0.4000 admin@ututi.lt
17:23:06,851 INFO  [performance] request group.logo 0.0770 0.0300 admin@ututi.lt
17:23:26,910 INFO  [performance] request group.home 0.6969 0.3900 admin@ututi.lt
17:23:27,178 INFO  [performance] request group.logo 0.0037 0.0000 admin@ututi.lt
17:23:32,256 INFO  [performance] request profile.home 0.9587 0.5700 admin@ututi.lt
17:23:32,651 INFO  [performance] request user.logo 0.0503 0.0500 admin@ututi.lt
17:24:44,114 INFO  [performance] request messages.index 0.6940 0.3600 admin@ututi.lt
17:24:44,423 INFO  [performance] request user.logo 0.0497 0.0400 admin@ututi.lt
17:25:37,127 INFO  [performance] request messages.thread 0.3160 0.2000 admin@ututi.lt
17:25:37,402 INFO  [performance] request user.logo 0.1133 0.1100 admin@ututi.lt
17:25:37,493 INFO  [performance] request user.logo 0.0567 0.0600 admin@ututi.lt
17:25:48,948 INFO  [performance] request profile.home 1.1928 0.6700 admin@ututi.lt
17:25:49,426 INFO  [performance] request user.logo 0.0549 0.0600 admin@ututi.lt
17:26:34,170 INFO  [performance] request admin.notifications 0.0771 0.0500 admin@ututi.lt
17:26:42,771 INFO  [performance] request profile.home 0.9618 0.5400 admin@ututi.lt
17:26:43,141 INFO  [performance] request user.logo 0.0478 0.0500 admin@ututi.lt
17:27:30,174 INFO  [performance] request profile.home 1.0529 0.6000 admin@ututi.lt
17:27:30,698 INFO  [performance] request group.logo 0.0169 0.0300 admin@ututi.lt
17:27:30,754 INFO  [performance] request group.logo 0.0146 0.0300 admin@ututi.lt
17:27:30,839 INFO  [performance] request group.logo 0.0317 0.0300 admin@ututi.lt
17:27:31,109 INFO  [performance] request group.logo 0.2685 0.0200 admin@ututi.lt
17:27:31,184 INFO  [performance] request group.logo 0.0228 0.0300 admin@ututi.lt
17:27:31,199 INFO  [performance] request group.logo 0.0387 0.0400 admin@ututi.lt
17:27:31,426 INFO  [performance] request group.logo 0.0497 0.0400 admin@ututi.lt
17:27:31,476 INFO  [performance] request group.logo 0.0165 0.0100 admin@ututi.lt
17:27:31,634 INFO  [performance] request group.logo 0.0885 0.0200 admin@ututi.lt
17:27:31,635 INFO  [performance] request group.logo 0.1106 0.0500 admin@ututi.lt
17:27:31,755 INFO  [performance] request group.logo 0.0243 0.0400 admin@ututi.lt
17:27:31,932 INFO  [performance] request group.logo 0.0158 0.0100 admin@ututi.lt
17:27:31,996 INFO  [performance] request group.logo 0.0050 0.0100 admin@ututi.lt
17:27:32,017 INFO  [performance] request group.logo 0.0144 0.0200 admin@ututi.lt
17:27:32,065 INFO  [performance] request group.logo 0.0139 0.0300 admin@ututi.lt
17:27:32,187 INFO  [performance] request user.logo 0.1255 0.0500 admin@ututi.lt
17:29:12,369 INFO  [performance] request profile.home 1.2837 0.9000 admin@ututi.lt
17:29:12,859 INFO  [performance] request group.logo 0.0233 0.0200 admin@ututi.lt
17:29:12,915 INFO  [performance] request group.logo 0.0263 0.0300 admin@ututi.lt
17:29:13,014 INFO  [performance] request group.logo 0.0472 0.0400 admin@ututi.lt
17:29:13,017 INFO  [performance] request group.logo 0.0139 0.0000 admin@ututi.lt
17:29:13,171 INFO  [performance] request group.logo 0.1233 0.0200 admin@ututi.lt
17:29:13,392 INFO  [performance] request group.logo 0.0129 0.0100 admin@ututi.lt
17:29:13,408 INFO  [performance] request group.logo 0.0027 0.0000 admin@ututi.lt
17:29:13,412 INFO  [performance] request group.logo 0.0031 0.0000 admin@ututi.lt
17:29:13,652 INFO  [performance] request group.logo 0.0101 0.0200 admin@ututi.lt
17:29:13,656 INFO  [performance] request group.logo 0.0024 0.0100 admin@ututi.lt
17:29:13,725 INFO  [performance] request group.logo 0.0074 0.0100 admin@ututi.lt
17:29:13,790 INFO  [performance] request group.logo 0.0184 0.0200 admin@ututi.lt
17:29:14,006 INFO  [performance] request group.logo 0.0210 0.0200 admin@ututi.lt
17:29:14,009 INFO  [performance] request group.logo 0.0047 0.0000 admin@ututi.lt
17:29:14,012 INFO  [performance] request group.logo 0.0085 0.0000 admin@ututi.lt
17:29:14,083 INFO  [performance] request user.logo 0.0480 0.0500 admin@ututi.lt
17:32:01,804 INFO  [performance] request profile.home 0.1428 0.1200 admin@ututi.lt
17:34:21,416 INFO  [performance] request profile.home 1.0324 0.6500 admin@ututi.lt
17:34:21,815 INFO  [performance] request group.logo 0.0306 0.0300 admin@ututi.lt
17:34:21,956 INFO  [performance] request group.logo 0.0436 0.0300 admin@ututi.lt
17:34:21,975 INFO  [performance] request group.logo 0.0178 0.0100 admin@ututi.lt
17:34:22,012 INFO  [performance] request group.logo 0.0227 0.0300 admin@ututi.lt
17:34:22,146 INFO  [performance] request group.logo 0.0522 0.0500 admin@ututi.lt
17:34:22,162 INFO  [performance] request group.logo 0.0379 0.0300 admin@ututi.lt
17:34:22,195 INFO  [performance] request group.logo 0.0410 0.0300 admin@ututi.lt
17:34:22,336 INFO  [performance] request group.logo 0.0135 0.0200 admin@ututi.lt
17:34:22,366 INFO  [performance] request group.logo 0.0155 0.0400 admin@ututi.lt
17:34:22,626 INFO  [performance] request group.logo 0.2078 0.0400 admin@ututi.lt
17:34:22,680 INFO  [performance] request group.logo 0.0506 0.0600 admin@ututi.lt
17:34:22,728 INFO  [performance] request group.logo 0.0139 0.0200 admin@ututi.lt
17:34:22,952 INFO  [performance] request group.logo 0.0372 0.0500 admin@ututi.lt
17:34:23,033 INFO  [performance] request group.logo 0.0078 0.0000 admin@ututi.lt
17:34:23,039 INFO  [performance] request group.logo 0.0052 0.0000 admin@ututi.lt
17:34:23,096 INFO  [performance] request user.logo 0.0482 0.0500 admin@ututi.lt
17:35:18,663 INFO  [performance] request profile.home 1.1600 0.7100 admin@ututi.lt
17:35:19,178 INFO  [performance] request group.logo 0.0207 0.0100 admin@ututi.lt
17:35:19,232 INFO  [performance] request group.logo 0.0101 0.0100 admin@ututi.lt
17:35:19,296 INFO  [performance] request group.logo 0.0213 0.0200 admin@ututi.lt
17:35:19,309 INFO  [performance] request group.logo 0.0083 0.0100 admin@ututi.lt
17:35:19,424 INFO  [performance] request group.logo 0.0218 0.0300 admin@ututi.lt
17:35:19,552 INFO  [performance] request group.logo 0.0758 0.0200 admin@ututi.lt
17:35:19,800 INFO  [performance] request group.logo 0.1612 0.0300 admin@ututi.lt
17:35:19,801 INFO  [performance] request group.logo 0.1714 0.0400 admin@ututi.lt
17:35:19,957 INFO  [performance] request group.logo 0.0441 0.0500 admin@ututi.lt
17:35:19,991 INFO  [performance] request group.logo 0.0110 0.0000 admin@ututi.lt
17:35:20,124 INFO  [performance] request group.logo 0.1138 0.0500 admin@ututi.lt
17:35:20,170 INFO  [performance] request group.logo 0.0130 0.0000 admin@ututi.lt
17:35:20,331 INFO  [performance] request group.logo 0.0140 0.0100 admin@ututi.lt
17:35:20,361 INFO  [performance] request group.logo 0.0153 0.0100 admin@ututi.lt
17:35:20,444 INFO  [performance] request group.logo 0.0034 0.0000 admin@ututi.lt
17:35:20,487 INFO  [performance] request user.logo 0.0948 0.0400 admin@ututi.lt
17:36:01,982 INFO  [performance] request group.group_type 0.1087 0.0700 admin@ututi.lt
17:36:06,522 INFO  [performance] request profile.home 1.0641 0.5900 admin@ututi.lt
17:36:06,907 INFO  [performance] request user.logo 0.0551 0.0500 admin@ututi.lt
17:36:10,942 INFO  [performance] request mailinglist.new_thread 0.4295 0.2800 admin@ututi.lt
17:36:11,148 INFO  [performance] request group.logo 0.0334 0.0300 admin@ututi.lt
17:36:25,615 INFO  [performance] request mailinglist.post 0.3136 0.1400 admin@ututi.lt
17:36:25,952 INFO  [performance] request mailinglist.thread 0.2806 0.1800 admin@ututi.lt
17:36:26,166 INFO  [performance] request user.logo 0.0826 0.0300 admin@ututi.lt
17:37:20,002 INFO  [performance] request mailinglist.thread 0.2973 0.2500 admin@ututi.lt
17:37:20,392 INFO  [performance] request group.logo 0.0094 0.0200 admin@ututi.lt
17:37:20,451 INFO  [performance] request user.logo 0.0898 0.0700 admin@ututi.lt
17:41:43,999 INFO  [performance] request profile.home 1.3214 0.8800 admin@ututi.lt
17:41:44,206 INFO  [performance] request user.logo 0.0496 0.0500 admin@ututi.lt
17:43:44,669 INFO  [performance] request profile.home 1.0030 0.5900 admin@ututi.lt
17:43:45,024 INFO  [performance] request user.logo 0.0531 0.0500 admin@ututi.lt
11:55:10,148 INFO  [performance] request home.index 0.1548 0.0700 admin@ututi.lt
11:55:13,186 INFO  [performance] request profile.home 2.9588 1.0000 admin@ututi.lt
11:55:13,902 INFO  [performance] request group.logo 0.0771 0.0500 admin@ututi.lt
11:55:13,907 INFO  [performance] request group.logo 0.1427 0.0900 admin@ututi.lt
11:55:13,910 INFO  [performance] request group.logo 0.1529 0.1000 admin@ututi.lt
11:55:13,921 INFO  [performance] request group.logo 0.1950 0.1300 admin@ututi.lt
11:55:14,206 INFO  [performance] request group.logo 0.1890 0.1900 admin@ututi.lt
11:55:14,313 INFO  [performance] request group.logo 0.0772 0.0800 admin@ututi.lt
11:55:14,498 INFO  [performance] request group.logo 0.1952 0.1000 admin@ututi.lt
11:55:14,500 INFO  [performance] request group.logo 0.1477 0.0800 admin@ututi.lt
11:55:14,530 INFO  [performance] request group.logo 0.1388 0.0600 admin@ututi.lt
11:55:14,569 INFO  [performance] request group.logo 0.0509 0.0400 admin@ututi.lt
11:55:14,826 INFO  [performance] request group.logo 0.2397 0.1400 admin@ututi.lt
11:55:14,956 INFO  [performance] request group.logo 0.0897 0.1100 admin@ututi.lt
11:55:14,967 INFO  [performance] request group.logo 0.0603 0.0700 admin@ututi.lt
11:55:15,000 INFO  [performance] request group.logo 0.0389 0.0100 admin@ututi.lt
11:55:15,073 INFO  [performance] request group.logo 0.0391 0.0300 admin@ututi.lt
11:55:15,141 INFO  [performance] request user.logo 0.0784 0.0500 admin@ututi.lt
11:58:07,965 INFO  [performance] request profile.home 0.8683 0.6900 admin@ututi.lt
11:58:08,749 INFO  [performance] request group.logo 0.0162 0.0100 admin@ututi.lt
11:58:08,770 INFO  [performance] request group.logo 0.0240 0.0100 admin@ututi.lt
11:58:08,781 INFO  [performance] request group.logo 0.0148 0.0200 admin@ututi.lt
11:58:08,894 INFO  [performance] request group.logo 0.0074 0.0100 admin@ututi.lt
11:58:08,958 INFO  [performance] request group.logo 0.0373 0.0400 admin@ututi.lt
11:58:09,103 INFO  [performance] request group.logo 0.0206 0.0100 admin@ututi.lt
11:58:09,126 INFO  [performance] request group.logo 0.0122 0.0200 admin@ututi.lt
11:58:09,153 INFO  [performance] request group.logo 0.0282 0.0500 admin@ututi.lt
11:58:09,278 INFO  [performance] request group.logo 0.0108 0.0100 admin@ututi.lt
11:58:09,353 INFO  [performance] request group.logo 0.0171 0.0100 admin@ututi.lt
11:58:09,377 INFO  [performance] request group.logo 0.0057 0.0100 admin@ututi.lt
11:58:09,478 INFO  [performance] request group.logo 0.0216 0.0200 admin@ututi.lt
11:58:09,509 INFO  [performance] request group.logo 0.0047 0.0000 admin@ututi.lt
11:58:09,544 INFO  [performance] request group.logo 0.0150 0.0100 admin@ututi.lt
11:58:09,564 INFO  [performance] request group.logo 0.0060 0.0100 admin@ututi.lt
11:58:09,636 INFO  [performance] request user.logo 0.0482 0.0500 admin@ututi.lt
11:58:58,259 INFO  [performance] request profile.home 0.7348 0.5900 admin@ututi.lt
11:58:59,014 INFO  [performance] request group.logo 0.0229 0.0200 admin@ututi.lt
11:58:59,058 INFO  [performance] request group.logo 0.0057 0.0100 admin@ututi.lt
11:58:59,083 INFO  [performance] request group.logo 0.0326 0.0300 admin@ututi.lt
11:58:59,142 INFO  [performance] request group.logo 0.0076 0.0100 admin@ututi.lt
11:58:59,243 INFO  [performance] request group.logo 0.0446 0.0200 admin@ututi.lt
11:58:59,339 INFO  [performance] request group.logo 0.0158 0.0100 admin@ututi.lt
11:58:59,398 INFO  [performance] request group.logo 0.0102 0.0200 admin@ututi.lt
11:58:59,444 INFO  [performance] request group.logo 0.0135 0.0200 admin@ututi.lt
11:58:59,592 INFO  [performance] request group.logo 0.0336 0.0400 admin@ututi.lt
11:58:59,752 INFO  [performance] request group.logo 0.1636 0.1500 admin@ututi.lt
11:58:59,838 INFO  [performance] request group.logo 0.0111 0.0000 admin@ututi.lt
11:58:59,856 INFO  [performance] request group.logo 0.0195 0.0100 admin@ututi.lt
11:58:59,928 INFO  [performance] request group.logo 0.0024 0.0000 admin@ututi.lt
11:58:59,932 INFO  [performance] request group.logo 0.0390 0.0200 admin@ututi.lt
11:58:59,974 INFO  [performance] request group.logo 0.0065 0.0100 admin@ututi.lt
11:59:00,037 INFO  [performance] request user.logo 0.0527 0.0400 admin@ututi.lt
12:03:05,725 INFO  [performance] request profile.home 0.8250 0.6600 admin@ututi.lt
12:03:06,515 INFO  [performance] request group.logo 0.0030 0.0000 admin@ututi.lt
12:03:06,526 INFO  [performance] request group.logo 0.0185 0.0100 admin@ututi.lt
12:03:06,580 INFO  [performance] request group.logo 0.0346 0.0400 admin@ututi.lt
12:03:06,643 INFO  [performance] request group.logo 0.0217 0.0300 admin@ututi.lt
12:03:06,783 INFO  [performance] request group.logo 0.0311 0.0500 admin@ututi.lt
12:03:06,814 INFO  [performance] request group.logo 0.0131 0.0100 admin@ututi.lt
12:03:06,941 INFO  [performance] request group.logo 0.0448 0.0400 admin@ututi.lt
12:03:07,097 INFO  [performance] request group.logo 0.0174 0.0100 admin@ututi.lt
12:03:07,134 INFO  [performance] request group.logo 0.0136 0.0100 admin@ututi.lt
12:03:07,171 INFO  [performance] request group.logo 0.0315 0.0100 admin@ututi.lt
12:03:07,224 INFO  [performance] request group.logo 0.0100 0.0100 admin@ututi.lt
12:03:07,291 INFO  [performance] request group.logo 0.0278 0.0400 admin@ututi.lt
12:03:07,323 INFO  [performance] request group.logo 0.0143 0.0200 admin@ututi.lt
12:03:07,423 INFO  [performance] request group.logo 0.0059 0.0100 admin@ututi.lt
12:03:07,435 INFO  [performance] request group.logo 0.0064 0.0100 admin@ututi.lt
12:03:07,522 INFO  [performance] request user.logo 0.0593 0.0500 admin@ututi.lt
12:03:26,337 INFO  [performance] request profile.home 0.7410 0.6000 admin@ututi.lt
12:03:27,144 INFO  [performance] request group.logo 0.0116 0.0200 admin@ututi.lt
12:03:27,150 INFO  [performance] request group.logo 0.0139 0.0100 admin@ututi.lt
12:03:27,240 INFO  [performance] request group.logo 0.0249 0.0200 admin@ututi.lt
12:03:27,290 INFO  [performance] request group.logo 0.0094 0.0100 admin@ututi.lt
12:03:27,309 INFO  [performance] request group.logo 0.0204 0.0200 admin@ututi.lt
12:03:27,402 INFO  [performance] request group.logo 0.0190 0.0100 admin@ututi.lt
12:03:27,531 INFO  [performance] request group.logo 0.0325 0.0200 admin@ututi.lt
12:03:27,643 INFO  [performance] request group.logo 0.0138 0.0200 admin@ututi.lt
12:03:27,644 INFO  [performance] request group.logo 0.0171 0.0200 admin@ututi.lt
12:03:27,797 INFO  [performance] request group.logo 0.0925 0.0600 admin@ututi.lt
12:03:27,800 INFO  [performance] request group.logo 0.0940 0.0500 admin@ututi.lt
12:03:27,813 INFO  [performance] request group.logo 0.0155 0.0300 admin@ututi.lt
12:03:27,912 INFO  [performance] request group.logo 0.0294 0.0000 admin@ututi.lt
12:03:27,970 INFO  [performance] request group.logo 0.0407 0.0300 admin@ututi.lt
12:03:28,019 INFO  [performance] request group.logo 0.0049 0.0000 admin@ututi.lt
12:03:28,085 INFO  [performance] request user.logo 0.0523 0.0500 admin@ututi.lt
12:05:55,845 INFO  [performance] request profile.home 0.9782 0.7900 admin@ututi.lt
12:05:56,921 INFO  [performance] request group.logo 0.0248 0.0100 admin@ututi.lt
12:05:56,938 INFO  [performance] request group.logo 0.0393 0.0300 admin@ututi.lt
12:05:56,978 INFO  [performance] request group.logo 0.0148 0.0200 admin@ututi.lt
12:05:57,085 INFO  [performance] request group.logo 0.0293 0.0200 admin@ututi.lt
12:05:57,152 INFO  [performance] request group.logo 0.0087 0.0000 admin@ututi.lt
12:05:57,161 INFO  [performance] request group.logo 0.0127 0.0100 admin@ututi.lt
12:05:57,329 INFO  [performance] request group.logo 0.0329 0.0100 admin@ututi.lt
12:05:57,354 INFO  [performance] request group.logo 0.0260 0.0400 admin@ututi.lt
12:05:57,397 INFO  [performance] request group.logo 0.0290 0.0100 admin@ututi.lt
12:05:57,480 INFO  [performance] request group.logo 0.0632 0.0800 admin@ututi.lt
12:05:57,554 INFO  [performance] request group.logo 0.0282 0.0200 admin@ututi.lt
12:05:57,610 INFO  [performance] request group.logo 0.0138 0.0100 admin@ututi.lt
12:05:57,682 INFO  [performance] request group.logo 0.0183 0.0200 admin@ututi.lt
12:05:57,794 INFO  [performance] request group.logo 0.0890 0.0200 admin@ututi.lt
12:05:57,823 INFO  [performance] request group.logo 0.0055 0.0000 admin@ututi.lt
12:05:57,904 INFO  [performance] request user.logo 0.0676 0.0500 admin@ututi.lt
12:06:03,421 INFO  [performance] request notifications.set_notification_as_viewed 0.0012 0.0000 admin@ututi.lt
12:06:11,936 INFO  [performance] request notifications.set_notification_as_viewed 0.0011 0.0000 admin@ututi.lt
12:10:18,194 INFO  [performance] request profile.home 1.0544 0.8700 admin@ututi.lt
12:10:19,174 INFO  [performance] request group.logo 0.1207 0.1100 admin@ututi.lt
12:10:19,236 INFO  [performance] request group.logo 0.0927 0.1000 admin@ututi.lt
12:10:19,304 INFO  [performance] request group.logo 0.0781 0.0800 admin@ututi.lt
12:10:19,346 INFO  [performance] request group.logo 0.1023 0.1200 admin@ututi.lt
12:10:19,372 INFO  [performance] request group.logo 0.0863 0.0800 admin@ututi.lt
12:10:19,532 INFO  [performance] request group.logo 0.1213 0.1200 admin@ututi.lt
12:10:19,788 INFO  [performance] request group.logo 0.0957 0.0800 admin@ututi.lt
12:10:19,804 INFO  [performance] request group.logo 0.1008 0.0900 admin@ututi.lt
12:10:19,860 INFO  [performance] request group.logo 0.0899 0.0800 admin@ututi.lt
12:10:19,870 INFO  [performance] request group.logo 0.0799 0.0700 admin@ututi.lt
12:10:20,006 INFO  [performance] request group.logo 0.1003 0.0800 admin@ututi.lt
12:10:20,185 INFO  [performance] request group.logo 0.0997 0.1100 admin@ututi.lt
12:10:20,203 INFO  [performance] request group.logo 0.0710 0.0700 admin@ututi.lt
12:10:20,248 INFO  [performance] request group.logo 0.0648 0.0400 admin@ututi.lt
12:10:20,271 INFO  [performance] request group.logo 0.0319 0.0200 admin@ututi.lt
12:10:20,316 INFO  [performance] request user.logo 0.0607 0.0500 admin@ututi.lt
12:10:42,082 INFO  [performance] request notifications.set_notification_as_viewed 0.0015 0.0000 admin@ututi.lt
12:10:53,940 INFO  [performance] request notifications.set_notification_as_viewed 0.0011 0.0000 admin@ututi.lt
12:14:07,676 INFO  [performance] request notifications.set_notification_as_viewed 0.0010 0.0000 admin@ututi.lt
12:20:09,411 INFO  [performance] request notifications.set_notification_as_viewed 0.0010 0.0000 admin@ututi.lt
12:22:36,652 INFO  [performance] request profile.home 0.9395 0.7200 admin@ututi.lt
12:22:37,691 INFO  [performance] request group.logo 0.1179 0.1000 admin@ututi.lt
12:22:37,724 INFO  [performance] request group.logo 0.0641 0.0400 admin@ututi.lt
12:22:37,792 INFO  [performance] request group.logo 0.0942 0.1000 admin@ututi.lt
12:22:37,795 INFO  [performance] request group.logo 0.0912 0.1000 admin@ututi.lt
12:22:37,850 INFO  [performance] request group.logo 0.0738 0.0900 admin@ututi.lt
12:22:37,946 INFO  [performance] request group.logo 0.1129 0.0800 admin@ututi.lt
12:22:38,221 INFO  [performance] request group.logo 0.1944 0.1700 admin@ututi.lt
12:22:38,260 INFO  [performance] request group.logo 0.1735 0.1500 admin@ututi.lt
12:22:38,277 INFO  [performance] request group.logo 0.1601 0.1300 admin@ututi.lt
12:22:38,422 INFO  [performance] request group.logo 0.1086 0.0900 admin@ututi.lt
12:22:38,468 INFO  [performance] request group.logo 0.0629 0.0500 admin@ututi.lt
12:22:38,472 INFO  [performance] request group.logo 0.0546 0.0400 admin@ututi.lt
12:22:38,611 INFO  [performance] request group.logo 0.0586 0.0600 admin@ututi.lt
12:22:38,621 INFO  [performance] request group.logo 0.0520 0.0600 admin@ututi.lt
12:22:38,643 INFO  [performance] request group.logo 0.0360 0.0300 admin@ututi.lt
12:22:38,733 INFO  [performance] request user.logo 0.0613 0.0700 admin@ututi.lt
12:22:51,671 INFO  [performance] request notifications.set_notification_as_viewed 0.0016 0.0000 admin@ututi.lt
12:22:57,138 INFO  [performance] request notifications.set_notification_as_viewed 0.0016 0.0000 admin@ututi.lt
12:25:15,231 INFO  [performance] request notifications.set_notification_as_viewed 0.0016 0.0000 admin@ututi.lt
12:26:06,555 INFO  [performance] request notifications.set_notification_as_viewed 0.0016 0.0000 admin@ututi.lt
12:27:17,136 INFO  [performance] request notifications.set_notification_as_viewed 0.0016 0.0000 admin@ututi.lt
12:28:40,314 INFO  [performance] request notifications.set_notification_as_viewed 0.0025 0.0000 admin@ututi.lt
12:28:48,572 INFO  [performance] request profile.home 0.9374 0.7500 admin@ututi.lt
12:28:49,760 INFO  [performance] request group.logo 0.0968 0.1400 admin@ututi.lt
12:28:49,802 INFO  [performance] request group.logo 0.0773 0.0900 admin@ututi.lt
12:28:49,960 INFO  [performance] request group.logo 0.1761 0.1900 admin@ututi.lt
12:28:49,967 INFO  [performance] request group.logo 0.2128 0.2300 admin@ututi.lt
12:28:50,097 INFO  [performance] request group.logo 0.0918 0.0800 admin@ututi.lt
12:28:50,106 INFO  [performance] request group.logo 0.1566 0.1500 admin@ututi.lt
12:28:50,320 INFO  [performance] request group.logo 0.0555 0.0500 admin@ututi.lt
12:28:50,374 INFO  [performance] request group.logo 0.1662 0.1400 admin@ututi.lt
12:28:50,457 INFO  [performance] request group.logo 0.0866 0.1100 admin@ututi.lt
12:28:50,459 INFO  [performance] request group.logo 0.0799 0.0900 admin@ututi.lt
12:28:50,529 INFO  [performance] request group.logo 0.0921 0.0900 admin@ututi.lt
12:28:50,607 INFO  [performance] request group.logo 0.0741 0.0800 admin@ututi.lt
12:28:50,698 INFO  [performance] request group.logo 0.0551 0.0500 admin@ututi.lt
12:28:50,771 INFO  [performance] request group.logo 0.0691 0.0900 admin@ututi.lt
12:28:50,781 INFO  [performance] request group.logo 0.0494 0.0600 admin@ututi.lt
12:28:50,854 INFO  [performance] request user.logo 0.0687 0.0500 admin@ututi.lt
12:28:59,105 INFO  [performance] request notifications.set_notification_as_viewed 0.0016 0.0000 admin@ututi.lt
12:29:06,430 INFO  [performance] request notifications.set_notification_as_viewed 0.0018 0.0000 admin@ututi.lt
12:29:48,319 INFO  [performance] request notifications.set_notification_as_viewed 0.0018 0.0000 admin@ututi.lt
12:31:57,376 INFO  [performance] request notifications.set_notification_as_viewed 0.0017 0.0000 admin@ututi.lt
12:33:17,704 INFO  [performance] request notifications.set_notification_as_viewed 0.0017 0.0000 admin@ututi.lt
12:33:49,315 INFO  [performance] request notifications.set_notification_as_viewed 0.0088 0.0100 admin@ututi.lt
12:39:27,269 INFO  [performance] request profile.home 0.9315 0.6900 admin@ututi.lt
12:39:28,304 INFO  [performance] request group.logo 0.0513 0.0500 admin@ututi.lt
12:39:28,398 INFO  [performance] request group.logo 0.0645 0.0600 admin@ututi.lt
12:39:28,480 INFO  [performance] request group.logo 0.0770 0.1000 admin@ututi.lt
12:39:28,485 INFO  [performance] request group.logo 0.0802 0.1100 admin@ututi.lt
12:39:28,587 INFO  [performance] request group.logo 0.0919 0.1000 admin@ututi.lt
12:39:28,662 INFO  [performance] request group.logo 0.0745 0.0800 admin@ututi.lt
12:39:28,758 INFO  [performance] request group.logo 0.0925 0.1200 admin@ututi.lt
12:39:28,778 INFO  [performance] request group.logo 0.0692 0.0900 admin@ututi.lt
12:39:29,016 INFO  [performance] request group.logo 0.2155 0.2200 admin@ututi.lt
12:39:29,045 INFO  [performance] request group.logo 0.2016 0.2200 admin@ututi.lt
12:39:29,133 INFO  [performance] request group.logo 0.0536 0.0600 admin@ututi.lt
12:39:29,225 INFO  [performance] request group.logo 0.0785 0.0900 admin@ututi.lt
12:39:29,282 INFO  [performance] request group.logo 0.0530 0.0300 admin@ututi.lt
12:39:29,331 INFO  [performance] request group.logo 0.0471 0.0400 admin@ututi.lt
12:39:29,348 INFO  [performance] request group.logo 0.0461 0.0400 admin@ututi.lt
12:39:29,401 INFO  [performance] request user.logo 0.0547 0.0400 admin@ututi.lt
12:39:33,999 INFO  [performance] request notifications.set_notification_as_viewed 0.0420 0.0200 admin@ututi.lt
12:39:40,496 INFO  [performance] request notifications.set_notification_as_viewed 0.0451 0.0500 admin@ututi.lt
12:40:24,727 INFO  [performance] request notifications.set_notification_as_viewed 0.0429 0.0300 admin@ututi.lt
12:40:33,138 INFO  [performance] request profile.home 0.8986 0.7400 admin@ututi.lt
12:40:34,215 INFO  [performance] request group.logo 0.1211 0.1200 admin@ututi.lt
12:40:34,257 INFO  [performance] request group.logo 0.0662 0.0900 admin@ututi.lt
12:40:34,291 INFO  [performance] request group.logo 0.0715 0.0900 admin@ututi.lt
12:40:34,396 INFO  [performance] request group.logo 0.1124 0.0900 admin@ututi.lt
12:40:34,440 INFO  [performance] request group.logo 0.1005 0.1000 admin@ututi.lt
12:40:34,534 INFO  [performance] request group.logo 0.1018 0.0800 admin@ututi.lt
12:40:34,777 INFO  [performance] request group.logo 0.1967 0.1800 admin@ututi.lt
12:40:34,836 INFO  [performance] request group.logo 0.0779 0.0700 admin@ututi.lt
12:40:34,872 INFO  [performance] request group.logo 0.0823 0.0900 admin@ututi.lt
12:40:34,884 INFO  [performance] request group.logo 0.0861 0.1000 admin@ututi.lt
12:40:34,972 INFO  [performance] request group.logo 0.0982 0.0900 admin@ututi.lt
12:40:35,131 INFO  [performance] request group.logo 0.0832 0.0600 admin@ututi.lt
12:40:35,208 INFO  [performance] request group.logo 0.0548 0.0600 admin@ututi.lt
12:40:35,213 INFO  [performance] request group.logo 0.0444 0.0500 admin@ututi.lt
12:40:35,242 INFO  [performance] request group.logo 0.0306 0.0100 admin@ututi.lt
12:40:35,287 INFO  [performance] request user.logo 0.0597 0.0500 admin@ututi.lt
12:40:37,405 INFO  [performance] request notifications.set_notification_as_viewed 0.0683 0.0700 admin@ututi.lt
12:40:45,154 INFO  [performance] request profile.home 0.7694 0.5000 admin@ututi.lt
12:40:46,245 INFO  [performance] request group.logo 0.0084 0.0000 admin@ututi.lt
12:40:46,327 INFO  [performance] request group.logo 0.0213 0.0200 admin@ututi.lt
12:40:46,392 INFO  [performance] request group.logo 0.0261 0.0200 admin@ututi.lt
12:40:46,395 INFO  [performance] request group.logo 0.0112 0.0300 admin@ututi.lt
12:40:46,407 INFO  [performance] request group.logo 0.0139 0.0200 admin@ututi.lt
12:40:46,494 INFO  [performance] request group.logo 0.0315 0.0300 admin@ututi.lt
12:40:46,613 INFO  [performance] request group.logo 0.0197 0.0200 admin@ututi.lt
12:40:46,647 INFO  [performance] request group.logo 0.0175 0.0200 admin@ututi.lt
12:40:46,748 INFO  [performance] request group.logo 0.0171 0.0100 admin@ututi.lt
12:40:46,826 INFO  [performance] request group.logo 0.0122 0.0100 admin@ututi.lt
12:40:46,839 INFO  [performance] request group.logo 0.0224 0.0200 admin@ututi.lt
12:40:46,905 INFO  [performance] request group.logo 0.0229 0.0300 admin@ututi.lt
12:40:46,971 INFO  [performance] request group.logo 0.0144 0.0000 admin@ututi.lt
12:40:47,015 INFO  [performance] request group.logo 0.0196 0.0300 admin@ututi.lt
12:40:47,034 INFO  [performance] request group.logo 0.0033 0.0000 admin@ututi.lt
12:40:47,133 INFO  [performance] request user.logo 0.0489 0.0300 admin@ututi.lt
12:41:42,395 INFO  [performance] request profile.home 0.8756 0.6600 admin@ututi.lt
12:41:43,358 INFO  [performance] request group.logo 0.0142 0.0200 admin@ututi.lt
12:41:43,505 INFO  [performance] request group.logo 0.0252 0.0400 admin@ututi.lt
12:41:43,529 INFO  [performance] request group.logo 0.0468 0.0600 admin@ututi.lt
12:41:43,563 INFO  [performance] request group.logo 0.0184 0.0200 admin@ututi.lt
12:41:43,564 INFO  [performance] request group.logo 0.0209 0.0300 admin@ututi.lt
12:41:43,665 INFO  [performance] request group.logo 0.0255 0.0300 admin@ututi.lt
12:41:43,695 INFO  [performance] request group.logo 0.0227 0.0100 admin@ututi.lt
12:41:43,973 INFO  [performance] request group.logo 0.0196 0.0300 admin@ututi.lt
12:41:44,035 INFO  [performance] request group.logo 0.0204 0.0200 admin@ututi.lt
12:41:44,075 INFO  [performance] request group.logo 0.0165 0.0200 admin@ututi.lt
12:41:44,076 INFO  [performance] request group.logo 0.0208 0.0200 admin@ututi.lt
12:41:44,188 INFO  [performance] request group.logo 0.0157 0.0100 admin@ututi.lt
12:41:44,251 INFO  [performance] request group.logo 0.0023 0.0000 admin@ututi.lt
12:41:44,252 INFO  [performance] request group.logo 0.0167 0.0100 admin@ututi.lt
12:41:44,300 INFO  [performance] request group.logo 0.0064 0.0000 admin@ututi.lt
12:41:44,361 INFO  [performance] request user.logo 0.0510 0.0500 admin@ututi.lt
12:41:49,256 INFO  [performance] request notifications.set_notification_as_viewed 0.0497 0.0500 admin@ututi.lt
12:42:25,376 INFO  [performance] request profile.home 0.7149 0.5800 admin@ututi.lt
12:42:26,341 INFO  [performance] request group.logo 0.0207 0.0000 admin@ututi.lt
12:42:26,381 INFO  [performance] request group.logo 0.0130 0.0100 admin@ututi.lt
12:42:26,445 INFO  [performance] request group.logo 0.0099 0.0000 admin@ututi.lt
12:42:26,516 INFO  [performance] request group.logo 0.0182 0.0100 admin@ututi.lt
12:42:26,662 INFO  [performance] request group.logo 0.0351 0.0100 admin@ututi.lt
12:42:26,751 INFO  [performance] request group.logo 0.0308 0.0300 admin@ututi.lt
12:42:26,789 INFO  [performance] request group.logo 0.0543 0.0700 admin@ututi.lt
12:42:26,795 INFO  [performance] request group.logo 0.0139 0.0300 admin@ututi.lt
12:42:26,897 INFO  [performance] request group.logo 0.0113 0.0000 admin@ututi.lt
12:42:26,961 INFO  [performance] request group.logo 0.0286 0.0400 admin@ututi.lt
12:42:27,056 INFO  [performance] request group.logo 0.0097 0.0100 admin@ututi.lt
12:42:27,144 INFO  [performance] request group.logo 0.0145 0.0200 admin@ututi.lt
12:42:27,195 INFO  [performance] request group.logo 0.0103 0.0100 admin@ututi.lt
12:42:27,229 INFO  [performance] request group.logo 0.0114 0.0100 admin@ututi.lt
12:42:27,244 INFO  [performance] request group.logo 0.0184 0.0100 admin@ututi.lt
12:42:27,316 INFO  [performance] request user.logo 0.0534 0.0400 admin@ututi.lt
12:42:41,443 INFO  [performance] request profile.home 0.8384 0.6800 admin@ututi.lt
12:42:42,377 INFO  [performance] request group.logo 0.0091 0.0100 admin@ututi.lt
12:42:42,455 INFO  [performance] request group.logo 0.0192 0.0200 admin@ututi.lt
12:42:42,512 INFO  [performance] request group.logo 0.0062 0.0000 admin@ututi.lt
12:42:42,585 INFO  [performance] request group.logo 0.0314 0.0300 admin@ututi.lt
12:42:42,624 INFO  [performance] request group.logo 0.0315 0.0400 admin@ututi.lt
12:42:42,752 INFO  [performance] request group.logo 0.0726 0.0600 admin@ututi.lt
12:42:42,770 INFO  [performance] request group.logo 0.0292 0.0400 admin@ututi.lt
12:42:42,836 INFO  [performance] request group.logo 0.0217 0.0100 admin@ututi.lt
12:42:42,894 INFO  [performance] request group.logo 0.0248 0.0300 admin@ututi.lt
12:42:42,985 INFO  [performance] request group.logo 0.0316 0.0300 admin@ututi.lt
12:42:42,988 INFO  [performance] request group.logo 0.0272 0.0300 admin@ututi.lt
12:42:43,327 INFO  [performance] request group.logo 0.0378 0.0400 admin@ututi.lt
12:42:43,354 INFO  [performance] request group.logo 0.0078 0.0000 admin@ututi.lt
12:42:43,368 INFO  [performance] request group.logo 0.0160 0.0200 admin@ututi.lt
12:42:43,385 INFO  [performance] request group.logo 0.0027 0.0100 admin@ututi.lt
12:42:43,458 INFO  [performance] request user.logo 0.0490 0.0500 admin@ututi.lt
12:42:47,260 INFO  [performance] request notifications.set_notification_as_viewed 0.0434 0.0400 admin@ututi.lt
12:43:39,957 INFO  [performance] request profile.home 0.7428 0.5200 admin@ututi.lt
12:43:40,555 INFO  [performance] request group.logo 0.0131 0.0300 admin@ututi.lt
12:43:40,578 INFO  [performance] request group.logo 0.0290 0.0400 admin@ututi.lt
12:43:40,635 INFO  [performance] request group.logo 0.0232 0.0300 admin@ututi.lt
12:43:40,752 INFO  [performance] request group.logo 0.0195 0.0300 admin@ututi.lt
12:43:40,758 INFO  [performance] request group.logo 0.0229 0.0300 admin@ututi.lt
12:43:40,861 INFO  [performance] request group.logo 0.0497 0.0600 admin@ututi.lt
12:43:40,940 INFO  [performance] request group.logo 0.0169 0.0300 admin@ututi.lt
12:43:41,036 INFO  [performance] request group.logo 0.0370 0.0300 admin@ututi.lt
12:43:41,070 INFO  [performance] request group.logo 0.0346 0.0400 admin@ututi.lt
12:43:41,102 INFO  [performance] request group.logo 0.0113 0.0000 admin@ututi.lt
12:43:41,156 INFO  [performance] request group.logo 0.0421 0.0500 admin@ututi.lt
12:43:41,209 INFO  [performance] request group.logo 0.0116 0.0100 admin@ututi.lt
12:43:41,378 INFO  [performance] request group.logo 0.0055 0.0100 admin@ututi.lt
12:43:41,462 INFO  [performance] request group.logo 0.0645 0.0100 admin@ututi.lt
12:43:41,468 INFO  [performance] request group.logo 0.0071 0.0000 admin@ututi.lt
12:43:41,528 INFO  [performance] request user.logo 0.0515 0.0500 admin@ututi.lt
12:44:22,907 INFO  [performance] request profile.home 0.9563 0.8100 admin@ututi.lt
12:44:23,528 INFO  [performance] request group.logo 0.0792 0.0800 admin@ututi.lt
12:44:23,601 INFO  [performance] request group.logo 0.0554 0.0600 admin@ututi.lt
12:44:23,667 INFO  [performance] request group.logo 0.1033 0.1100 admin@ututi.lt
12:44:23,714 INFO  [performance] request group.logo 0.0510 0.0600 admin@ututi.lt
12:44:23,837 INFO  [performance] request group.logo 0.0977 0.0800 admin@ututi.lt
12:44:23,851 INFO  [performance] request group.logo 0.1452 0.1100 admin@ututi.lt
12:44:23,904 INFO  [performance] request group.logo 0.0658 0.0800 admin@ututi.lt
12:44:24,225 INFO  [performance] request group.logo 0.1219 0.0900 admin@ututi.lt
12:44:24,255 INFO  [performance] request group.logo 0.0649 0.0700 admin@ututi.lt
12:44:24,350 INFO  [performance] request group.logo 0.1394 0.0900 admin@ututi.lt
12:44:24,390 INFO  [performance] request group.logo 0.0456 0.0400 admin@ututi.lt
12:44:24,440 INFO  [performance] request group.logo 0.0872 0.0700 admin@ututi.lt
12:44:24,498 INFO  [performance] request group.logo 0.0568 0.0600 admin@ututi.lt
12:44:24,625 INFO  [performance] request group.logo 0.0470 0.0400 admin@ututi.lt
12:44:24,626 INFO  [performance] request group.logo 0.0311 0.0400 admin@ututi.lt
12:44:24,689 INFO  [performance] request user.logo 0.0516 0.0500 admin@ututi.lt
12:44:28,307 INFO  [performance] request notifications.set_notification_as_viewed 0.0464 0.0300 admin@ututi.lt
12:44:30,945 INFO  [performance] request profile.home 0.7407 0.5600 admin@ututi.lt
12:44:31,560 INFO  [performance] request group.logo 0.0227 0.0100 admin@ututi.lt
12:44:31,562 INFO  [performance] request group.logo 0.0255 0.0100 admin@ututi.lt
12:44:31,617 INFO  [performance] request group.logo 0.0229 0.0300 admin@ututi.lt
12:44:31,648 INFO  [performance] request group.logo 0.0284 0.0200 admin@ututi.lt
12:44:31,715 INFO  [performance] request group.logo 0.0177 0.0300 admin@ututi.lt
12:44:31,774 INFO  [performance] request group.logo 0.0227 0.0200 admin@ututi.lt
12:44:31,897 INFO  [performance] request group.logo 0.0085 0.0000 admin@ututi.lt
12:44:31,976 INFO  [performance] request group.logo 0.0458 0.0500 admin@ututi.lt
12:44:32,055 INFO  [performance] request group.logo 0.0184 0.0200 admin@ututi.lt
12:44:32,117 INFO  [performance] request group.logo 0.0237 0.0200 admin@ututi.lt
12:44:32,176 INFO  [performance] request group.logo 0.0093 0.0200 admin@ututi.lt
12:44:32,203 INFO  [performance] request group.logo 0.0386 0.0500 admin@ututi.lt
12:44:32,323 INFO  [performance] request group.logo 0.0021 0.0100 admin@ututi.lt
12:44:32,370 INFO  [performance] request group.logo 0.0045 0.0000 admin@ututi.lt
12:44:32,407 INFO  [performance] request group.logo 0.0309 0.0100 admin@ututi.lt
12:44:32,484 INFO  [performance] request user.logo 0.0516 0.0500 admin@ututi.lt
13:06:27,927 INFO  [performance] request profile.home 0.7094 0.5100 admin@ututi.lt
13:06:28,367 INFO  [performance] request user.logo 0.0484 0.0500 admin@ututi.lt
13:12:47,396 INFO  [performance] request group.upload_file_short 0.2843 0.1100 admin@ututi.lt
13:13:14,523 INFO  [performance] request groupfile.get 0.2868 0.1200 admin@ututi.lt
13:15:20,207 INFO  [performance] request group.index 0.0169 0.0200 admin@ututi.lt
13:15:20,585 INFO  [performance] request group.home 0.3194 0.2000 admin@ututi.lt
13:15:21,148 INFO  [performance] request group.logo 0.1347 0.0300 admin@ututi.lt
13:15:26,976 INFO  [performance] request group.files 1.3436 1.1600 admin@ututi.lt
13:17:15,715 INFO  [performance] request groupfile.delete 0.0810 0.0500 admin@ututi.lt
13:17:15,912 INFO  [performance] request group.file_info 0.0445 0.0400 admin@ututi.lt
13:17:15,920 INFO  [performance] request group.upload_status 0.0481 0.0400 admin@ututi.lt
13:17:28,271 INFO  [performance] request group.files 0.9718 0.8400 admin@ututi.lt
13:51:05,899 INFO  [performance] request profile.home 0.7273 0.6000 admin@ututi.lt
13:51:06,538 INFO  [performance] request group.logo 0.0204 0.0200 admin@ututi.lt
13:51:06,649 INFO  [performance] request group.logo 0.0137 0.0200 admin@ututi.lt
13:51:06,734 INFO  [performance] request group.logo 0.0152 0.0200 admin@ututi.lt
13:51:06,765 INFO  [performance] request group.logo 0.0146 0.0100 admin@ututi.lt
13:51:06,773 INFO  [performance] request group.logo 0.0106 0.0000 admin@ututi.lt
13:51:06,778 INFO  [performance] request group.logo 0.0206 0.0100 admin@ututi.lt
13:51:06,929 INFO  [performance] request group.logo 0.0711 0.0800 admin@ututi.lt
13:51:07,162 INFO  [performance] request group.logo 0.0246 0.0200 admin@ututi.lt
13:51:07,197 INFO  [performance] request group.logo 0.0329 0.0300 admin@ututi.lt
13:51:07,250 INFO  [performance] request group.logo 0.0236 0.0200 admin@ututi.lt
13:51:07,282 INFO  [performance] request group.logo 0.0298 0.0200 admin@ututi.lt
13:51:07,295 INFO  [performance] request group.logo 0.0056 0.0000 admin@ututi.lt
13:51:07,372 INFO  [performance] request group.logo 0.0090 0.0000 admin@ututi.lt
13:51:07,426 INFO  [performance] request group.logo 0.0028 0.0100 admin@ututi.lt
13:51:07,427 INFO  [performance] request group.logo 0.0075 0.0200 admin@ututi.lt
13:51:07,497 INFO  [performance] request user.logo 0.0516 0.0300 admin@ututi.lt
13:51:14,981 INFO  [performance] request group.index 0.0150 0.0100 admin@ututi.lt
13:51:15,357 INFO  [performance] request group.home 0.3150 0.2400 admin@ututi.lt
13:51:15,818 INFO  [performance] request group.logo 0.0159 0.0100 admin@ututi.lt
13:51:23,561 INFO  [performance] request group.members 0.2497 0.2000 admin@ututi.lt
14:16:15,029 INFO  [performance] request group.members 0.1804 0.1600 admin@ututi.lt
14:16:15,884 INFO  [performance] request group.logo 0.0022 0.0000 admin@ututi.lt
14:26:23,693 INFO  [performance] request group.index 0.0158 0.0100 admin@ututi.lt
14:26:24,001 INFO  [performance] request group.home 0.2452 0.1600 admin@ututi.lt
14:26:24,444 INFO  [performance] request group.logo 0.0339 0.0300 admin@ututi.lt
14:26:37,302 INFO  [performance] request group.members 0.1658 0.1300 admin@ututi.lt
14:27:08,146 INFO  [performance] request search.index 1.2359 0.7800 admin@ututi.lt
14:27:12,444 INFO  [performance] request group.index 0.0192 0.0000 admin@ututi.lt
14:27:13,540 INFO  [performance] request forum.categories 1.0427 0.7700 admin@ututi.lt
14:27:14,141 INFO  [performance] request group.logo 0.2377 0.2000 admin@ututi.lt
14:27:14,159 INFO  [performance] request user.logo 0.2190 0.1900 admin@ututi.lt
14:27:14,226 INFO  [performance] request user.logo 0.2901 0.2500 admin@ututi.lt
14:27:14,290 INFO  [performance] request user.logo 0.1473 0.1600 admin@ututi.lt
14:27:14,309 INFO  [performance] request user.logo 0.1360 0.1600 admin@ututi.lt
14:27:14,309 INFO  [performance] request user.logo 0.0726 0.0900 admin@ututi.lt
14:27:14,363 INFO  [performance] request user.logo 0.0194 0.0200 admin@ututi.lt
14:27:20,428 INFO  [performance] request group.members 0.6407 0.5300 admin@ututi.lt
14:27:21,019 INFO  [performance] request user.logo 0.0964 0.1000 admin@ututi.lt
14:27:21,098 INFO  [performance] request user.logo 0.1573 0.1700 admin@ututi.lt
14:27:21,099 INFO  [performance] request user.logo 0.1023 0.1000 admin@ututi.lt
14:27:21,156 INFO  [performance] request user.logo 0.0684 0.0500 admin@ututi.lt
14:27:21,158 INFO  [performance] request user.logo 0.0815 0.0500 admin@ututi.lt
14:27:21,179 INFO  [performance] request user.logo 0.0631 0.0500 admin@ututi.lt
14:35:47,984 INFO  [performance] request home.logout 0.0363 0.0300 admin@ututi.lt
14:35:52,980 INFO  [performance] request home.index 4.9888 2.0400 ANONYMOUS
14:35:53,993 INFO  [performance] request structure.logo 0.1647 0.1800 ANONYMOUS
14:35:54,024 INFO  [performance] request structure.logo 0.2075 0.2100 ANONYMOUS
14:35:54,030 INFO  [performance] request structure.logo 0.0804 0.0900 ANONYMOUS
14:35:54,037 INFO  [performance] request structure.logo 0.2236 0.2400 ANONYMOUS
14:35:54,066 INFO  [performance] request structure.logo 0.2695 0.2700 ANONYMOUS
14:35:54,117 INFO  [performance] request structure.logo 0.1512 0.1400 ANONYMOUS
14:35:54,143 INFO  [performance] request structure.logo 0.0811 0.0500 ANONYMOUS
14:35:54,163 INFO  [performance] request structure.logo 0.0732 0.0500 ANONYMOUS
14:35:54,177 INFO  [performance] request structure.logo 0.0792 0.0600 ANONYMOUS
14:35:54,234 INFO  [performance] request structure.logo 0.1801 0.1500 ANONYMOUS
14:35:54,235 INFO  [performance] request group.logo 0.1176 0.1200 ANONYMOUS
14:35:54,273 INFO  [performance] request group.logo 0.1036 0.0900 ANONYMOUS
14:35:54,297 INFO  [performance] request group.logo 0.1095 0.0800 ANONYMOUS
14:35:54,357 INFO  [performance] request group.logo 0.1297 0.1200 ANONYMOUS
14:35:54,357 INFO  [performance] request group.logo 0.1091 0.1000 ANONYMOUS
14:35:54,389 INFO  [performance] request group.logo 0.1130 0.1200 ANONYMOUS
14:35:54,398 INFO  [performance] request group.logo 0.1188 0.1300 ANONYMOUS
14:45:38,730 INFO  [performance] request profile.home 0.0439 0.0300 ANONYMOUS
14:45:38,853 INFO  [performance] request home.login 0.1104 0.0800 ANONYMOUS
14:50:57,683 INFO  [performance] request home.recovery 0.0961 0.0800 ANONYMOUS
14:55:20,806 INFO  [performance] request home.recovery 0.1456 0.0500 ANONYMOUS
14:55:20,859 INFO  [performance] request error.document 0.0458 0.0400 ANONYMOUS
15:00:27,347 INFO  [performance] request home.login 0.0723 0.0600 ANONYMOUS
15:04:09,168 INFO  [performance] request home.pswrecovery 0.0772 0.0700 ANONYMOUS
15:04:19,391 INFO  [performance] request home.pswrecovery 0.0737 0.0700 ANONYMOUS
15:04:33,129 INFO  [performance] request home.recovery 0.0787 0.0800 ANONYMOUS
15:06:48,111 INFO  [performance] request home.recovery 0.0789 0.0700 ANONYMOUS
15:12:22,665 INFO  [performance] request home.recovery 0.0795 0.0800 ANONYMOUS
15:13:35,033 INFO  [performance] request home.recovery 0.0804 0.0800 ANONYMOUS
15:14:21,650 INFO  [performance] request home.recovery 0.0702 0.0600 ANONYMOUS
15:14:34,249 INFO  [performance] request home.recovery 0.0807 0.0600 ANONYMOUS
15:16:35,022 INFO  [performance] request home.recovery 0.0684 0.0600 ANONYMOUS
15:16:55,001 INFO  [performance] request home.recovery 0.0794 0.0700 ANONYMOUS
15:17:04,791 INFO  [performance] request home.recovery 0.0697 0.0700 ANONYMOUS
15:17:06,901 INFO  [performance] request home.recovery 0.0749 0.0700 ANONYMOUS
15:17:52,622 INFO  [performance] request home.recovery 0.0698 0.0500 ANONYMOUS
15:19:20,975 INFO  [performance] request home.recovery 0.0770 0.0600 ANONYMOUS
15:22:44,005 INFO  [performance] request home.recovery 0.0823 0.0700 ANONYMOUS
15:24:26,363 INFO  [performance] request home.recovery 0.0717 0.0500 ANONYMOUS
15:26:13,281 INFO  [performance] request home.recovery 0.0729 0.0600 ANONYMOUS
15:35:15,868 INFO  [performance] request home.recovery 0.0791 0.0800 ANONYMOUS
15:37:49,446 INFO  [performance] request home.recovery 0.0699 0.0600 ANONYMOUS
15:38:35,654 INFO  [performance] request home.recovery 0.0742 0.0700 ANONYMOUS
15:39:35,881 INFO  [performance] request home.recovery 0.0711 0.0500 ANONYMOUS
15:40:24,106 INFO  [performance] request home.recovery 0.0926 0.0900 ANONYMOUS
15:41:33,633 INFO  [performance] request home.recovery 0.0814 0.0800 ANONYMOUS
15:48:17,470 INFO  [performance] request home.login 0.0538 0.0400 ANONYMOUS
15:48:23,848 INFO  [performance] request home.pswrecovery 0.0703 0.0500 ANONYMOUS
15:48:30,769 INFO  [performance] request home.pswrecovery 0.0708 0.0600 ANONYMOUS
15:55:28,504 INFO  [performance] request search.browse 3.5851 1.6500 ANONYMOUS
15:55:28,791 INFO  [performance] request structure.logo 0.0774 0.1000 ANONYMOUS
15:55:28,792 INFO  [performance] request structure.logo 0.0720 0.0900 ANONYMOUS
15:55:28,807 INFO  [performance] request structure.logo 0.0863 0.1100 ANONYMOUS
15:55:28,818 INFO  [performance] request structure.logo 0.0773 0.0800 ANONYMOUS
15:55:28,825 INFO  [performance] request structure.logo 0.0974 0.1000 ANONYMOUS
15:55:28,834 INFO  [performance] request structure.logo 0.0677 0.0700 ANONYMOUS
15:55:28,912 INFO  [performance] request structure.logo 0.0702 0.0700 ANONYMOUS
15:55:28,937 INFO  [performance] request structure.logo 0.0871 0.1000 ANONYMOUS
15:55:28,945 INFO  [performance] request structure.logo 0.0844 0.1100 ANONYMOUS
15:55:28,946 INFO  [performance] request structure.logo 0.0590 0.0700 ANONYMOUS
15:55:28,981 INFO  [performance] request structure.logo 0.1328 0.1400 ANONYMOUS
15:55:28,986 INFO  [performance] request structure.logo 0.0704 0.0800 ANONYMOUS
15:55:29,050 INFO  [performance] request structure.logo 0.0721 0.0600 ANONYMOUS
15:55:29,056 INFO  [performance] request structure.logo 0.0585 0.0600 ANONYMOUS
15:55:29,064 INFO  [performance] request structure.logo 0.0694 0.0600 ANONYMOUS
15:55:29,080 INFO  [performance] request structure.logo 0.1223 0.1100 ANONYMOUS
15:55:55,669 INFO  [performance] request home.index 4.8793 2.0300 ANONYMOUS
15:55:56,022 INFO  [performance] request structure.logo 0.0690 0.0400 ANONYMOUS
15:55:56,023 INFO  [performance] request structure.logo 0.0784 0.0500 ANONYMOUS
15:55:56,036 INFO  [performance] request structure.logo 0.0682 0.0400 ANONYMOUS
15:55:56,047 INFO  [performance] request structure.logo 0.0993 0.0700 ANONYMOUS
15:55:56,056 INFO  [performance] request structure.logo 0.0841 0.0500 ANONYMOUS
15:55:56,064 INFO  [performance] request structure.logo 0.0854 0.0500 ANONYMOUS
15:55:56,160 INFO  [performance] request structure.logo 0.0777 0.0800 ANONYMOUS
15:55:56,167 INFO  [performance] request structure.logo 0.1153 0.1000 ANONYMOUS
15:55:56,191 INFO  [performance] request group.logo 0.0752 0.1000 ANONYMOUS
15:55:56,191 INFO  [performance] request structure.logo 0.0832 0.1100 ANONYMOUS
15:55:56,221 INFO  [performance] request group.logo 0.1361 0.1400 ANONYMOUS
15:55:56,251 INFO  [performance] request structure.logo 0.1746 0.1600 ANONYMOUS
15:55:56,283 INFO  [performance] request group.logo 0.0909 0.0800 ANONYMOUS
15:55:56,293 INFO  [performance] request group.logo 0.0851 0.0600 ANONYMOUS
15:55:56,345 INFO  [performance] request group.logo 0.1219 0.1300 ANONYMOUS
15:55:56,360 INFO  [performance] request group.logo 0.0760 0.0900 ANONYMOUS
15:55:56,372 INFO  [performance] request group.logo 0.1002 0.1200 ANONYMOUS
16:00:18,354 INFO  [performance] request home.index 0.1074 0.0800 ANONYMOUS
16:00:34,256 INFO  [performance] request search.browse 0.0662 0.0500 ANONYMOUS
16:00:37,922 INFO  [performance] request search.browse 0.0329 0.0200 ANONYMOUS
16:00:40,686 INFO  [performance] request home.index 0.0140 0.0200 ANONYMOUS
16:02:49,824 INFO  [performance] request home.index 0.1477 0.1100 ANONYMOUS
16:02:54,207 INFO  [performance] request search.browse 0.0583 0.0500 ANONYMOUS
16:08:22,611 INFO  [performance] request search.browse 3.4519 1.5000 ANONYMOUS
16:08:33,891 INFO  [performance] request home.login 0.0648 0.0500 ANONYMOUS
16:08:39,565 INFO  [performance] request home.login 0.0589 0.0500 ANONYMOUS
16:08:47,098 INFO  [performance] request home.login 0.0589 0.0500 ANONYMOUS
16:08:54,299 INFO  [performance] request home.login 0.1660 0.1400 ANONYMOUS
16:08:58,208 INFO  [performance] request home.login 0.0547 0.0600 ANONYMOUS
16:09:02,988 INFO  [performance] request home.pswrecovery 0.1311 0.0700 ANONYMOUS
16:09:07,343 INFO  [performance] request home._pswrecovery_form 0.0697 0.0500 ANONYMOUS
16:11:30,355 INFO  [performance] request home.pswrecovery 0.2059 0.1000 ANONYMOUS
16:11:57,640 INFO  [performance] request error.document 0.0415 0.0400 ANONYMOUS
16:12:07,167 INFO  [performance] request home.recovery 0.0711 0.0700 ANONYMOUS
16:12:28,614 INFO  [performance] request home.recovery 0.1247 0.1000 ANONYMOUS
16:12:28,989 INFO  [performance] request profile.index 0.2853 0.1500 bloomrain@gmail.com
16:12:51,473 INFO  [performance] request search.index 1.0003 0.8600 bloomrain@gmail.com
16:12:52,553 INFO  [performance] request profile.browse 3.8454 2.2000 bloomrain@gmail.com
16:12:58,095 INFO  [performance] request search.index 0.7097 0.5000 bloomrain@gmail.com
16:12:59,499 INFO  [performance] request group.index 0.0182 0.0200 bloomrain@gmail.com
16:12:59,675 INFO  [performance] request group.home 0.0421 0.0400 bloomrain@gmail.com
16:17:38,119 INFO  [performance] request group.home 0.0221 0.0200 bloomrain@gmail.com
16:18:50,836 INFO  [performance] request group.home 0.0213 0.0200 bloomrain@gmail.com
16:21:42,404 INFO  [performance] request group.home 0.0197 0.0200 bloomrain@gmail.com
16:23:07,065 INFO  [performance] request group.home 0.0198 0.0200 bloomrain@gmail.com
16:26:59,089 INFO  [performance] request group.home 0.0193 0.0200 bloomrain@gmail.com
16:29:52,625 INFO  [performance] request group.home 0.0260 0.0100 bloomrain@gmail.com
16:30:12,441 INFO  [performance] request group.home 0.0190 0.0200 bloomrain@gmail.com
16:35:54,031 INFO  [performance] request group.home 0.0190 0.0200 bloomrain@gmail.com
16:36:56,857 INFO  [performance] request group.home 0.0191 0.0200 bloomrain@gmail.com
17:11:08,076 INFO  [performance] request group.home 0.0197 0.0200 bloomrain@gmail.com
17:17:54,060 INFO  [performance] request group.home 0.0210 0.0000 bloomrain@gmail.com
17:19:09,465 INFO  [performance] request group.home 0.0200 0.0200 bloomrain@gmail.com
17:19:32,328 INFO  [performance] request group.home 0.7310 0.3500 bloomrain@gmail.com
17:19:33,169 INFO  [performance] request user.logo 0.1062 0.1000 bloomrain@gmail.com
17:19:33,172 INFO  [performance] request user.logo 0.3904 0.2900 bloomrain@gmail.com
17:19:33,175 INFO  [performance] request user.logo 0.3903 0.2800 bloomrain@gmail.com
17:19:33,248 INFO  [performance] request user.logo 0.1375 0.1400 bloomrain@gmail.com
17:19:33,313 INFO  [performance] request user.logo 0.1563 0.1700 bloomrain@gmail.com
17:19:33,326 INFO  [performance] request user.logo 0.0767 0.1000 bloomrain@gmail.com
17:19:33,406 INFO  [performance] request group.logo 0.0428 0.0300 bloomrain@gmail.com
17:19:33,436 INFO  [performance] request user.logo 0.0263 0.0300 bloomrain@gmail.com
17:22:33,730 INFO  [performance] request group.home 0.3023 0.2800 bloomrain@gmail.com
17:22:34,866 INFO  [performance] request user.logo 0.1552 0.1600 bloomrain@gmail.com
17:22:34,922 INFO  [performance] request user.logo 0.1760 0.1900 bloomrain@gmail.com
17:22:34,950 INFO  [performance] request user.logo 0.1345 0.1200 bloomrain@gmail.com
17:22:34,977 INFO  [performance] request user.logo 0.1076 0.0900 bloomrain@gmail.com
17:22:34,989 INFO  [performance] request user.logo 0.1108 0.1000 bloomrain@gmail.com
17:22:35,066 INFO  [performance] request user.logo 0.0922 0.1100 bloomrain@gmail.com
17:22:35,126 INFO  [performance] request group.logo 0.0024 0.0000 bloomrain@gmail.com
17:22:35,135 INFO  [performance] request user.logo 0.0526 0.0500 bloomrain@gmail.com
17:22:53,190 INFO  [performance] request group.home 0.2607 0.2400 bloomrain@gmail.com
17:22:54,302 INFO  [performance] request user.logo 0.1348 0.1000 bloomrain@gmail.com
17:22:54,394 INFO  [performance] request user.logo 0.1968 0.1700 bloomrain@gmail.com
17:22:54,394 INFO  [performance] request user.logo 0.1483 0.1400 bloomrain@gmail.com
17:22:54,508 INFO  [performance] request user.logo 0.1380 0.1400 bloomrain@gmail.com
17:22:54,515 INFO  [performance] request user.logo 0.1417 0.1400 bloomrain@gmail.com
17:22:54,527 INFO  [performance] request user.logo 0.1475 0.1500 bloomrain@gmail.com
17:22:54,575 INFO  [performance] request user.logo 0.0440 0.0400 bloomrain@gmail.com
17:22:54,593 INFO  [performance] request group.logo 0.0038 0.0000 bloomrain@gmail.com
17:24:12,209 INFO  [performance] request home.logout 0.0339 0.0300 bloomrain@gmail.com
17:24:17,334 INFO  [performance] request home.index 5.1196 2.1600 ANONYMOUS
17:24:17,694 INFO  [performance] request structure.logo 0.0729 0.0800 ANONYMOUS
17:24:17,717 INFO  [performance] request structure.logo 0.1017 0.1000 ANONYMOUS
17:24:17,727 INFO  [performance] request structure.logo 0.1154 0.1200 ANONYMOUS
17:24:17,737 INFO  [performance] request structure.logo 0.1131 0.1100 ANONYMOUS
17:24:17,767 INFO  [performance] request structure.logo 0.0814 0.0900 ANONYMOUS
17:24:17,767 INFO  [performance] request structure.logo 0.1498 0.1600 ANONYMOUS
17:24:17,826 INFO  [performance] request structure.logo 0.0707 0.0700 ANONYMOUS
17:24:17,878 INFO  [performance] request structure.logo 0.0703 0.0800 ANONYMOUS
17:24:17,886 INFO  [performance] request structure.logo 0.0820 0.1000 ANONYMOUS
17:24:17,917 INFO  [performance] request group.logo 0.0610 0.0800 ANONYMOUS
17:24:17,946 INFO  [performance] request structure.logo 0.1636 0.1900 ANONYMOUS
17:24:17,967 INFO  [performance] request group.logo 0.1512 0.1800 ANONYMOUS
17:24:17,977 INFO  [performance] request group.logo 0.0953 0.1200 ANONYMOUS
17:24:18,015 INFO  [performance] request group.logo 0.0894 0.0900 ANONYMOUS
17:24:18,088 INFO  [performance] request group.logo 0.1532 0.1500 ANONYMOUS
17:24:18,089 INFO  [performance] request group.logo 0.1317 0.1300 ANONYMOUS
17:24:18,104 INFO  [performance] request group.logo 0.0905 0.0900 ANONYMOUS
17:24:49,811 INFO  [performance] request search.index 0.0233 0.0200 ANONYMOUS
